2026-06-08 15:44:41 - [SERVER_LOG] - Server CipherTalk diaktifkan pada 127.0.0.1:7002
2026-06-08 15:45:10 - [SERVER_LOG] - NRP 5025242000 sukses login menggunakan identitas samaran Ambis_Progjar_82.
2026-06-08 15:45:43 - [SERVER_LOG] - NRP 5025241000 sukses login menggunakan identitas samaran Cak_Informatika_38.
2026-06-08 15:47:40 - [SERVER_LOG] - NRP 5025231010 sukses login menggunakan identitas samaran Pejuang_Progjar_18.
2026-06-08 15:53:13 - [SERVER_LOG] - NRP 5025242000 (Ambis_Progjar_82) terputus dari jaringan.
2026-06-08 15:53:18 - [SERVER_LOG] - NRP 5025231010 (Pejuang_Progjar_18) terputus dari jaringan.
2026-06-08 15:53:21 - [SERVER_LOG] - NRP 5025241000 (Cak_Informatika_38) terputus dari jaringan.
2026-06-08 16:36:44 - [SERVER_LOG] - Server CipherTalk diaktifkan pada 127.0.0.1:7002
2026-06-08 16:36:57 - [SERVER_LOG] - NRP 5025231010 sukses login menggunakan identitas samaran Sambat_Sukolilo_15.
2026-06-08 16:37:12 - [SERVER_LOG] - NRP 5025241010 sukses login menggunakan identitas samaran Warga_ITS_43.
2026-06-08 16:37:19 - [SERVER_LOG] - NRP 5025241790 sukses login menggunakan identitas samaran Maba_Progjar_26.
2026-06-08 16:40:54 - [SERVER_LOG] - NRP 5025231010 (Sambat_Sukolilo_15) terputus dari jaringan.
2026-06-08 16:40:56 - [SERVER_LOG] - NRP 5025241010 (Warga_ITS_43) terputus dari jaringan.
2026-06-08 16:40:58 - [SERVER_LOG] - NRP 5025241790 (Maba_Progjar_26) terputus dari jaringan.
2026-06-08 16:41:04 - [SERVER_LOG] - NRP 5025241075 sukses login menggunakan identitas samaran Sambat_StresFP_11.
2026-06-08 16:41:44 - [SERVER_LOG] - NRP 5025241334 sukses login menggunakan identitas samaran Cak_Sukolilo_31.
2026-06-08 16:51:34 - [SERVER_LOG] - NRP 5025241075 (Sambat_StresFP_11) terputus dari jaringan.
2026-06-08 16:51:35 - [SERVER_LOG] - NRP 5025241334 (Cak_Sukolilo_31) terputus dari jaringan.
2026-06-08 16:53:19 - [SERVER_LOG] - NRP 5025241047 sukses login menggunakan identitas samaran Cak_ITS_20.
2026-06-08 16:54:17 - [SERVER_LOG] - NRP 5025241047 (Cak_ITS_20) terputus dari jaringan.
2026-06-08 16:54:28 - [SERVER_LOG] - NRP 5025241047 sukses login menggunakan identitas samaran Pejuang_StresFP_25.
2026-06-08 16:54:41 - [SERVER_LOG] - NRP 5025241047 (Pejuang_StresFP_25) terputus dari jaringan.
2026-06-08 16:55:34 - [SERVER_LOG] - NRP 5025241010 sukses login menggunakan identitas samaran Ambis_Sukolilo_33.
2026-06-08 16:55:43 - [SERVER_LOG] - NRP 5025241010 (Ambis_Sukolilo_33) terputus dari jaringan.
2026-06-08 17:03:22 - [SERVER_LOG] - Server CipherTalk diaktifkan pada 127.0.0.1:7002
2026-06-08 17:03:30 - [SERVER_LOG] - NRP 5025241047 sukses login menggunakan identitas samaran Cak_Progjar_49.
2026-06-08 17:03:57 - [SERVER_LOG] - NRP 5025241047 (Cak_Progjar_49) terputus dari jaringan.
2026-06-08 17:04:42 - [SERVER_LOG] - Server CipherTalk diaktifkan pada 127.0.0.1:7002
2026-06-08 17:04:51 - [SERVER_LOG] - NRP 5025241010 sukses login menggunakan identitas samaran Warga_Informatika_36.
2026-06-08 17:05:19 - [SERVER_LOG] - NRP 5025241010 (Warga_Informatika_36) terputus dari jaringan.
2026-06-08 17:05:29 - [SERVER_LOG] - Server CipherTalk diaktifkan pada 127.0.0.1:7002
2026-06-08 17:05:37 - [SERVER_LOG] - NRP 5025241010 sukses login menggunakan identitas samaran Ning_StresFP_38.
2026-06-08 17:05:51 - [SERVER_LOG] - NRP 5025241010 (Ning_StresFP_38) terputus dari jaringan.
